0 info it worked if it ends with ok
1 verbose cli [ '/Users/davide/.nvm/versions/node/v5.9.1/bin/node',
1 verbose cli   '/Users/davide/.nvm/versions/node/v5.9.1/bin/npm',
1 verbose cli   'start' ]
2 info using npm@3.7.3
3 info using node@v5.9.1
4 verbose run-script [ 'prestart', 'start', 'poststart' ]
5 info lifecycle cycle2work@1.0.0-SNAPSHOT~prestart: cycle2work@1.0.0-SNAPSHOT
6 silly lifecycle cycle2work@1.0.0-SNAPSHOT~prestart: no script for prestart, continuing
7 info lifecycle cycle2work@1.0.0-SNAPSHOT~start: cycle2work@1.0.0-SNAPSHOT
8 verbose lifecycle cycle2work@1.0.0-SNAPSHOT~start: unsafe-perm in lifecycle true
9 verbose lifecycle cycle2work@1.0.0-SNAPSHOT~start: PATH: /Users/davide/.nvm/versions/node/v5.9.1/lib/node_modules/npm/bin/node-gyp-bin:/Users/davide/devel/mondoracom/cycle2work/node_modules/.bin:/Users/davide/.nvm/versions/node/v5.9.1/bin:/Users/davide/.nvm/versions/node/v5.9.1/bin:/Users/davide/devel/tool/mongodb/bin:/usr/local/opt/gnu-sed/libexec/gnubin:/usr/local/bin:/usr/bin:/bin:/usr/sbin:/sbin:/usr/local/mysql/bin/
10 verbose lifecycle cycle2work@1.0.0-SNAPSHOT~start: CWD: /Users/davide/devel/mondoracom/cycle2work
11 silly lifecycle cycle2work@1.0.0-SNAPSHOT~start: Args: [ '-c', 'node ./bin/www' ]
12 silly lifecycle cycle2work@1.0.0-SNAPSHOT~start: Returned: code: 1  signal: null
13 info lifecycle cycle2work@1.0.0-SNAPSHOT~start: Failed to exec start script
14 verbose stack Error: cycle2work@1.0.0-SNAPSHOT start: `node ./bin/www`
14 verbose stack Exit status 1
14 verbose stack     at EventEmitter.<anonymous> (/Users/davide/.nvm/versions/node/v5.9.1/lib/node_modules/npm/lib/utils/lifecycle.js:239:16)
14 verbose stack     at emitTwo (events.js:100:13)
14 verbose stack     at EventEmitter.emit (events.js:185:7)
14 verbose stack     at ChildProcess.<anonymous> (/Users/davide/.nvm/versions/node/v5.9.1/lib/node_modules/npm/lib/utils/spawn.js:24:14)
14 verbose stack     at emitTwo (events.js:100:13)
14 verbose stack     at ChildProcess.emit (events.js:185:7)
14 verbose stack     at maybeClose (internal/child_process.js:850:16)
14 verbose stack     at Process.ChildProcess._handle.onexit (internal/child_process.js:215:5)
15 verbose pkgid cycle2work@1.0.0-SNAPSHOT
16 verbose cwd /Users/davide/devel/mondoracom/cycle2work
17 error Darwin 16.1.0
18 error argv "/Users/davide/.nvm/versions/node/v5.9.1/bin/node" "/Users/davide/.nvm/versions/node/v5.9.1/bin/npm" "start"
19 error node v5.9.1
20 error npm  v3.7.3
21 error code ELIFECYCLE
22 error cycle2work@1.0.0-SNAPSHOT start: `node ./bin/www`
22 error Exit status 1
23 error Failed at the cycle2work@1.0.0-SNAPSHOT start script 'node ./bin/www'.
23 error Make sure you have the latest version of node.js and npm installed.
23 error If you do, this is most likely a problem with the cycle2work package,
23 error not with npm itself.
23 error Tell the author that this fails on your system:
23 error     node ./bin/www
23 error You can get information on how to open an issue for this project with:
23 error     npm bugs cycle2work
23 error Or if that isn't available, you can get their info via:
23 error     npm owner ls cycle2work
23 error There is likely additional logging output above.
24 verbose exit [ 1, true ]
